<?xml version="1.0" encoding="UTF-8"?>
<testng-results ignored="0" total="1" passed="1" failed="0" skipped="0">
  <reporter-output>
  </reporter-output>
  <suite started-at="2023-03-12T11:50:31 UTC" name=" Orange HRM Suite" finished-at="2023-03-12T11:51:07 UTC" duration-ms="36582">
    <groups>
      <group name="cucumber">
        <method signature="AbstractTestNGCucumberTests.runScenario(io.cucumber.testng.PickleWrapper,io.cucumber.testng.FeatureWrapper)[pri:0, instance:com.learning.runner.TestSuiteCucumberRunner@13c9d689]" name="runScenario" class="io.cucumber.testng.AbstractTestNGCucumberTests"/>
      </group> <!-- cucumber -->
    </groups>
    <test started-at="2023-03-12T11:50:31 UTC" name="Test" finished-at="2023-03-12T11:51:07 UTC" duration-ms="36582">
      <class name="com.learning.runner.TestSuiteCucumberRunner">
        <test-method is-config="true" signature="setUpClass(org.testng.ITestContext)[pri:0, instance:com.learning.runner.TestSuiteCucumberRunner@13c9d689]" started-at="2023-03-12T11:50:31 UTC" name="setUpClass" finished-at="2023-03-12T11:50:31 UTC" duration-ms="739" status="PASS">
          <params>
            <param index="0">
              <value>
                <![CDATA[org.testng.TestRunner@40368a46]]>
              </value>
            </param>
          </params>
          <reporter-output>
          </reporter-output>
        </test-method> <!-- setUpClass -->
        <test-method signature="runScenario(io.cucumber.testng.PickleWrapper,io.cucumber.testng.FeatureWrapper)[pri:0, instance:com.learning.runner.TestSuiteCucumberRunner@13c9d689]" started-at="2023-03-12T11:50:31 UTC" name="runScenario" description="Runs Cucumber Scenarios" data-provider="scenarios" finished-at="2023-03-12T11:51:07 UTC" duration-ms="35409" status="PASS">
          <params>
            <param index="0">
              <value>
                <![CDATA["Login with existing user to the app"]]>
              </value>
            </param>
            <param index="1">
              <value>
                <![CDATA["Login OrangeHRM"]]>
              </value>
            </param>
          </params>
          <reporter-output>
          </reporter-output>
        </test-method> <!-- runScenario -->
        <test-method is-config="true" signature="tearDownClass()[pri:0, instance:com.learning.runner.TestSuiteCucumberRunner@13c9d689]" started-at="2023-03-12T11:51:07 UTC" name="tearDownClass" finished-at="2023-03-12T11:51:07 UTC" duration-ms="401" status="PASS">
          <reporter-output>
          </reporter-output>
        </test-method> <!-- tearDownClass -->
      </class> <!-- com.learning.runner.TestSuiteCucumberRunner -->
    </test> <!-- Test -->
  </suite> <!--  Orange HRM Suite -->
</testng-results>
